<?xml version="1.0" encoding="UTF-8"?>
<!-- Generated by org.testng.reporters.JUnitReportReporter -->
<testsuite hostname="AMRISH" failures="0" tests="1" name="PageObjects.First" time="45.423" errors="0" timestamp="2023-11-18T16:27:44 IST" skipped="0">
  <testcase classname="PageObjects.First" name="main" time="45.423"/>
  <system-out/>
</testsuite> <!-- PageObjects.First -->
