<?xml version="1.0" encoding="UTF-8"?>
<!-- Generated by org.testng.reporters.JUnitReportReporter -->
<testsuite hostname="AMRISH" failures="0" tests="1" name="TestCases.Login_TestCase" time="16.595" errors="0" timestamp="2023-12-07T15:36:01 IST" skipped="0">
  <testcase classname="TestCases.Login_TestCase" name="login_Test" time="16.595"/>
  <system-out/>
</testsuite> <!-- TestCases.Login_TestCase -->
