<?xml version="1.0" encoding="UTF-8"?>
<!-- Generated by org.testng.reporters.JUnitReportReporter -->
<testsuite hostname="AMRISH" failures="0" tests="1" name="PageObjects.LoginPage" time="8.698" errors="0" timestamp="2023-11-18T16:29:10 IST" skipped="0">
  <testcase classname="PageObjects.LoginPage" name="main" time="8.698"/>
  <system-out/>
</testsuite> <!-- PageObjects.LoginPage -->
