<?xml version="1.0" encoding="UTF-8"?>
<!-- Generated by org.testng.reporters.JUnitReportReporter -->
<testsuite hostname="AMRISH" failures="0" tests="3" name="org.testCases.tc001_loginPage" time="6.767" errors="0" timestamp="2023-12-26T15:03:57 IST" skipped="0">
  <testcase classname="org.testCases.tc001_loginPage" name="testcase" time="2.004"/>
  <system-out/>
  <testcase classname="org.testCases.tc001_loginPage" name="testcase" time="2.710"/>
  <system-out/>
  <testcase classname="org.testCases.tc001_loginPage" name="testcase" time="2.053"/>
  <system-out/>
</testsuite> <!-- org.testCases.tc001_loginPage -->
